<?xml version="1.0" encoding="UTF-8"?>
<testng-results skipped="0" failed="0" total="9" passed="9">
  <reporter-output>
  </reporter-output>
  <suite name="Default Suite" duration-ms="91" started-at="2017-02-16T18:10:15Z" finished-at="2017-02-16T18:10:15Z">
    <groups>
    </groups>
    <test name="testng" duration-ms="91" started-at="2017-02-16T18:10:15Z" finished-at="2017-02-16T18:10:15Z">
      <class name="DataProviders.DPTest">
        <test-method status="PASS" signature="verifyDataProviderIterator(java.lang.String)[pri:0, instance:DataProviders.DPTest@4cdbe50f]" name="verifyDataProviderIterator" duration-ms="31" started-at="2017-02-16T13:10:15Z" data-provider="Iterator" finished-at="2017-02-16T13:10:15Z">
          <params>
            <param index="0">
              <value>
                <![CDATA[Kinnari]]>
              </value>
            </param>
          </params>
          <reporter-output>
          </reporter-output>
        </test-method> <!-- verifyDataProviderIterator -->
        <test-method status="PASS" signature="verifyDataProviderIterator(java.lang.String)[pri:0, instance:DataProviders.DPTest@4cdbe50f]" name="verifyDataProviderIterator" duration-ms="0" started-at="2017-02-16T13:10:15Z" data-provider="Iterator" finished-at="2017-02-16T13:10:15Z">
          <params>
            <param index="0">
              <value>
                <![CDATA[Archana]]>
              </value>
            </param>
          </params>
          <reporter-output>
          </reporter-output>
        </test-method> <!-- verifyDataProviderIterator -->
        <test-method status="PASS" signature="verifyDataProviderIterator(java.lang.String)[pri:0, instance:DataProviders.DPTest@4cdbe50f]" name="verifyDataProviderIterator" duration-ms="0" started-at="2017-02-16T13:10:15Z" data-provider="Iterator" finished-at="2017-02-16T13:10:15Z">
          <params>
            <param index="0">
              <value>
                <![CDATA[Sravanthi]]>
              </value>
            </param>
          </params>
          <reporter-output>
          </reporter-output>
        </test-method> <!-- verifyDataProviderIterator -->
        <test-method status="PASS" signature="verifyDataProviderIterator(java.lang.String)[pri:0, instance:DataProviders.DPTest@4cdbe50f]" name="verifyDataProviderIterator" duration-ms="0" started-at="2017-02-16T13:10:15Z" data-provider="Iterator" finished-at="2017-02-16T13:10:15Z">
          <params>
            <param index="0">
              <value>
                <![CDATA[Jay]]>
              </value>
            </param>
          </params>
          <reporter-output>
          </reporter-output>
        </test-method> <!-- verifyDataProviderIterator -->
        <test-method status="PASS" signature="verifyDataProviderIterator(java.lang.String)[pri:0, instance:DataProviders.DPTest@4cdbe50f]" name="verifyDataProviderIterator" duration-ms="1" started-at="2017-02-16T13:10:15Z" data-provider="Iterator" finished-at="2017-02-16T13:10:15Z">
          <params>
            <param index="0">
              <value>
                <![CDATA[Thomas]]>
              </value>
            </param>
          </params>
          <reporter-output>
          </reporter-output>
        </test-method> <!-- verifyDataProviderIterator -->
        <test-method status="PASS" signature="verifyDataProviderIterator(java.lang.String)[pri:0, instance:DataProviders.DPTest@4cdbe50f]" name="verifyDataProviderIterator" duration-ms="0" started-at="2017-02-16T13:10:15Z" data-provider="Iterator" finished-at="2017-02-16T13:10:15Z">
          <params>
            <param index="0">
              <value>
                <![CDATA[Jean Paul]]>
              </value>
            </param>
          </params>
          <reporter-output>
          </reporter-output>
        </test-method> <!-- verifyDataProviderIterator -->
        <test-method status="PASS" signature="verifyDataProviderIterator(java.lang.String)[pri:0, instance:DataProviders.DPTest@4cdbe50f]" name="verifyDataProviderIterator" duration-ms="1" started-at="2017-02-16T13:10:15Z" data-provider="Iterator" finished-at="2017-02-16T13:10:15Z">
          <params>
            <param index="0">
              <value>
                <![CDATA[Kimberly]]>
              </value>
            </param>
          </params>
          <reporter-output>
          </reporter-output>
        </test-method> <!-- verifyDataProviderIterator -->
        <test-method status="PASS" signature="verifyDataProviderIterator(java.lang.String)[pri:0, instance:DataProviders.DPTest@4cdbe50f]" name="verifyDataProviderIterator" duration-ms="1" started-at="2017-02-16T13:10:15Z" data-provider="Iterator" finished-at="2017-02-16T13:10:15Z">
          <params>
            <param index="0">
              <value>
                <![CDATA[Brittany]]>
              </value>
            </param>
          </params>
          <reporter-output>
          </reporter-output>
        </test-method> <!-- verifyDataProviderIterator -->
        <test-method status="PASS" signature="verifyDataProviderIterator(java.lang.String)[pri:0, instance:DataProviders.DPTest@4cdbe50f]" name="verifyDataProviderIterator" duration-ms="1" started-at="2017-02-16T13:10:15Z" data-provider="Iterator" finished-at="2017-02-16T13:10:15Z">
          <params>
            <param index="0">
              <value>
                <![CDATA[Sandhya]]>
              </value>
            </param>
          </params>
          <reporter-output>
          </reporter-output>
        </test-method> <!-- verifyDataProviderIterator -->
      </class> <!-- DataProviders.DPTest -->
    </test> <!-- testng -->
  </suite> <!-- Default Suite -->
</testng-results>
